<?xml version="1.0" encoding="utf-8"?>
<testsuites failures="0" tests="3">
  <testsuite id="0" name="UnitTest.fbTaskRunner_Test" tests="1" failures="0">
    <testcase name="_01_TrueIsTrue" assertions="0" classname="UnitTest.fbTaskRunner_Test" status="PASS" />
  </testsuite>
  <testsuite id="1" name="UnitTest.fbConveyorControl_Test" tests="2" failures="0">
    <testcase name="TestConveyorBuildCheck" assertions="0" classname="UnitTest.fbConveyorControl_Test" status="PASS" />
    <testcase name="_01_TrueIsTrue" assertions="0" classname="UnitTest.fbConveyorControl_Test" status="PASS" />
  </testsuite>
</testsuites>